
*** Running vivado
    with args -log hdmi_transmitter_top.vds -m64 -product Vivado -mode batch -messageDb vivado.pb -notrace -source hdmi_transmitter_top.tcl



****** Vivado v2024.2 (64-bit)
  **** SW Build 5239630 on Fri Nov 08 22:35:27 MST 2024
  **** IP Build 5239520 on Sun Nov 10 16:12:51 MST 2024
  **** SharedData Build 5239561 on Fri Nov 08 14:39:27 MST 2024
  **** Start of session at: Tue Apr  8 00:08:19 2025
    ** Copyright 1986-2022 Xilinx, Inc. All Rights Reserved.
    ** Copyright 2022-2024 Advanced Micro Devices, Inc. All Rights Reserved.

source hdmi_transmitter_top.tcl -notrace
Command: read_checkpoint -auto_incremental -incremental E:/HDMI_Transmitter/HDMI_Transmitter/HDMI_Transmitter.srcs/utils_1/imports/synth_1/hdmi_transmitter_top.dcp
INFO: [Vivado 12-5825] Read reference checkpoint from E:/HDMI_Transmitter/HDMI_Transmitter/HDMI_Transmitter.srcs/utils_1/imports/synth_1/hdmi_transmitter_top.dcp for incremental synthesis
INFO: [Vivado 12-7989] Please ensure there are no constraint changes
Command: synth_design -top hdmi_transmitter_top -part xc7k70tfbg676-1
Starting synth_design
Attempting to get a license for feature 'Synthesis' and/or device 'xc7k70t'
INFO: [Common 17-349] Got license for feature 'Synthesis' and/or device 'xc7k70t'
INFO: [Device 21-403] Loading part xc7k70tfbg676-1
INFO: [Designutils 20-5440] No compile time benefit to using incremental synthesis; A full resynthesis will be run
INFO: [Designutils 20-4379] Flow is switching to default flow due to incremental criteria not met. If you would like to alter this behaviour and have the flow terminate instead, please set the following parameter config_implementation {autoIncr.Synth.RejectBehavior Terminate}
INFO: [Synth 8-7079] Multithreading enabled for synth_design using a maximum of 2 processes.
INFO: [Synth 8-7078] Launching helper process for spawning children vivado processes
INFO: [Synth 8-7075] Helper process launched with PID 9028
---------------------------------------------------------------------------------
Starting RTL Elaboration : Time (s): cpu = 00:00:07 ; elapsed = 00:00:07 . Memory (MB): peak = 1005.363 ; gain = 469.871
---------------------------------------------------------------------------------
INFO: [Synth 8-6157] synthesizing module 'hdmi_transmitter_top' [E:/HDMI_Transmitter/HDMI_Transmitter/HDMI_Transmitter.srcs/sources_1/new/hdmi_transmitter_top.v:23]
INFO: [Synth 8-6155] done synthesizing module 'hdmi_transmitter_top' (0#1) [E:/HDMI_Transmitter/HDMI_Transmitter/HDMI_Transmitter.srcs/sources_1/new/hdmi_transmitter_top.v:23]
WARNING: [Synth 8-3848] Net hdmi_tx0_p in module/entity hdmi_transmitter_top does not have driver. [E:/HDMI_Transmitter/HDMI_Transmitter/HDMI_Transmitter.srcs/sources_1/new/hdmi_transmitter_top.v:30]
WARNING: [Synth 8-3848] Net hdmi_tx0_n in module/entity hdmi_transmitter_top does not have driver. [E:/HDMI_Transmitter/HDMI_Transmitter/HDMI_Transmitter.srcs/sources_1/new/hdmi_transmitter_top.v:31]
WARNING: [Synth 8-3848] Net hdmi_tx1_p in module/entity hdmi_transmitter_top does not have driver. [E:/HDMI_Transmitter/HDMI_Transmitter/HDMI_Transmitter.srcs/sources_1/new/hdmi_transmitter_top.v:32]
WARNING: [Synth 8-3848] Net hdmi_tx1_n in module/entity hdmi_transmitter_top does not have driver. [E:/HDMI_Transmitter/HDMI_Transmitter/HDMI_Transmitter.srcs/sources_1/new/hdmi_transmitter_top.v:33]
WARNING: [Synth 8-3848] Net hdmi_tx2_p in module/entity hdmi_transmitter_top does not have driver. [E:/HDMI_Transmitter/HDMI_Transmitter/HDMI_Transmitter.srcs/sources_1/new/hdmi_transmitter_top.v:34]
WARNING: [Synth 8-3848] Net hdmi_tx2_n in module/entity hdmi_transmitter_top does not have driver. [E:/HDMI_Transmitter/HDMI_Transmitter/HDMI_Transmitter.srcs/sources_1/new/hdmi_transmitter_top.v:35]
WARNING: [Synth 8-3848] Net hdmi_tx_clk_p in module/entity hdmi_transmitter_top does not have driver. [E:/HDMI_Transmitter/HDMI_Transmitter/HDMI_Transmitter.srcs/sources_1/new/hdmi_transmitter_top.v:36]
WARNING: [Synth 8-3848] Net hdmi_tx_clk_n in module/entity hdmi_transmitter_top does not have driver. [E:/HDMI_Transmitter/HDMI_Transmitter/HDMI_Transmitter.srcs/sources_1/new/hdmi_transmitter_top.v:37]
WARNING: [Synth 8-7129] Port hdmi_tx0_p in module hdmi_transmitter_top is either unconnected or has no load
WARNING: [Synth 8-7129] Port hdmi_tx0_n in module hdmi_transmitter_top is either unconnected or has no load
WARNING: [Synth 8-7129] Port hdmi_tx1_p in module hdmi_transmitter_top is either unconnected or has no load
WARNING: [Synth 8-7129] Port hdmi_tx1_n in module hdmi_transmitter_top is either unconnected or has no load
WARNING: [Synth 8-7129] Port hdmi_tx2_p in module hdmi_transmitter_top is either unconnected or has no load
WARNING: [Synth 8-7129] Port hdmi_tx2_n in module hdmi_transmitter_top is either unconnected or has no load
WARNING: [Synth 8-7129] Port hdmi_tx_clk_p in module hdmi_transmitter_top is either unconnected or has no load
WARNING: [Synth 8-7129] Port hdmi_tx_clk_n in module hdmi_transmitter_top is either unconnected or has no load
---------------------------------------------------------------------------------
Finished RTL Elaboration : Time (s): cpu = 00:00:09 ; elapsed = 00:00:09 . Memory (MB): peak = 1108.230 ; gain = 572.738
---------------------------------------------------------------------------------
---------------------------------------------------------------------------------
Start Handling Custom Attributes
---------------------------------------------------------------------------------
---------------------------------------------------------------------------------
Finished Handling Custom Attributes : Time (s): cpu = 00:00:09 ; elapsed = 00:00:09 . Memory (MB): peak = 1108.230 ; gain = 572.738
---------------------------------------------------------------------------------
---------------------------------------------------------------------------------
Finished RTL Optimization Phase 1 : Time (s): cpu = 00:00:09 ; elapsed = 00:00:09 . Memory (MB): peak = 1108.230 ; gain = 572.738
---------------------------------------------------------------------------------
Netlist sorting complete. Time (s): cpu = 00:00:00 ; elapsed = 00:00:00.001 . Memory (MB): peak = 1108.230 ; gain = 0.000
INFO: [Project 1-570] Preparing netlist for logic optimization

Processing XDC Constraints
Initializing timing engine
Parsing XDC File [E:/HDMI_Transmitter/HDMI_Transmitter/HDMI_Transmitter.srcs/constrs_1/new/constraints1.xdc]
Finished Parsing XDC File [E:/HDMI_Transmitter/HDMI_Transmitter/HDMI_Transmitter.srcs/constrs_1/new/constraints1.xdc]
INFO: [Project 1-236] Implementation specific constraints were found while reading constraint file [E:/HDMI_Transmitter/HDMI_Transmitter/HDMI_Transmitter.srcs/constrs_1/new/constraints1.xdc]. These constraints will be ignored for synthesis but will be used in implementation. Impacted constraints are listed in the file [.Xil/hdmi_transmitter_top_propImpl.xdc].
Resolution: To avoid this warning, move constraints listed in [.Xil/hdmi_transmitter_top_propImpl.xdc] to another XDC file and exclude this new file from synthesis with the used_in_synthesis property (File Properties dialog in GUI) and re-run elaboration/synthesis.
Completed Processing XDC Constraints

Netlist sorting complete. Time (s): cpu = 00:00:00 ; elapsed = 00:00:00 . Memory (MB): peak = 1170.289 ; gain = 0.000
INFO: [Project 1-111] Unisim Transformation Summary:
No Unisim elements were transformed.

Constraint Validation Runtime : Time (s): cpu = 00:00:00 ; elapsed = 00:00:00.002 . Memory (MB): peak = 1170.289 ; gain = 0.000
INFO: [Designutils 20-5440] No compile time benefit to using incremental synthesis; A full resynthesis will be run
INFO: [Designutils 20-4379] Flow is switching to default flow due to incremental criteria not met. If you would like to alter this behaviour and have the flow terminate instead, please set the following parameter config_implementation {autoIncr.Synth.RejectBehavior Terminate}
---------------------------------------------------------------------------------
Finished Constraint Validation : Time (s): cpu = 00:00:19 ; elapsed = 00:00:19 . Memory (MB): peak = 1170.289 ; gain = 634.797
---------------------------------------------------------------------------------
---------------------------------------------------------------------------------
Start Loading Part and Timing Information
---------------------------------------------------------------------------------
Loading part: xc7k70tfbg676-1
---------------------------------------------------------------------------------
Finished Loading Part and Timing Information : Time (s): cpu = 00:00:19 ; elapsed = 00:00:19 . Memory (MB): peak = 1170.289 ; gain = 634.797
---------------------------------------------------------------------------------
---------------------------------------------------------------------------------
Start Applying 'set_property' XDC Constraints
---------------------------------------------------------------------------------
---------------------------------------------------------------------------------
Finished applying 'set_property' XDC Constraints : Time (s): cpu = 00:00:19 ; elapsed = 00:00:19 . Memory (MB): peak = 1170.289 ; gain = 634.797
---------------------------------------------------------------------------------
---------------------------------------------------------------------------------
Finished RTL Optimization Phase 2 : Time (s): cpu = 00:00:19 ; elapsed = 00:00:20 . Memory (MB): peak = 1170.289 ; gain = 634.797
---------------------------------------------------------------------------------
---------------------------------------------------------------------------------
Start RTL Component Statistics 
---------------------------------------------------------------------------------
Detailed RTL Component Info : 
+---Registers : 
	                1 Bit    Registers := 1     
+---Muxes : 
	   2 Input    1 Bit        Muxes := 1     
---------------------------------------------------------------------------------
Finished RTL Component Statistics 
---------------------------------------------------------------------------------
---------------------------------------------------------------------------------
Start Part Resource Summary
---------------------------------------------------------------------------------
Part Resources:
DSPs: 240 (col length:80)
BRAMs: 270 (col length: RAMB18 80 RAMB36 40)
---------------------------------------------------------------------------------
Finished Part Resource Summary
---------------------------------------------------------------------------------
---------------------------------------------------------------------------------
Start Cross Boundary and Area Optimization
---------------------------------------------------------------------------------
WARNING: [Synth 8-7080] Parallel synthesis criteria is not met
WARNING: [Synth 8-7129] Port hdmi_tx0_p in module hdmi_transmitter_top is either unconnected or has no load
WARNING: [Synth 8-7129] Port hdmi_tx0_n in module hdmi_transmitter_top is either unconnected or has no load
WARNING: [Synth 8-7129] Port hdmi_tx1_p in module hdmi_transmitter_top is either unconnected or has no load
WARNING: [Synth 8-7129] Port hdmi_tx1_n in module hdmi_transmitter_top is either unconnected or has no load
WARNING: [Synth 8-7129] Port hdmi_tx2_p in module hdmi_transmitter_top is either unconnected or has no load
WARNING: [Synth 8-7129] Port hdmi_tx2_n in module hdmi_transmitter_top is either unconnected or has no load
WARNING: [Synth 8-7129] Port hdmi_tx_clk_p in module hdmi_transmitter_top is either unconnected or has no load
WARNING: [Synth 8-7129] Port hdmi_tx_clk_n in module hdmi_transmitter_top is either unconnected or has no load
---------------------------------------------------------------------------------
Finished Cross Boundary and Area Optimization : Time (s): cpu = 00:00:22 ; elapsed = 00:00:23 . Memory (MB): peak = 1170.289 ; gain = 634.797
---------------------------------------------------------------------------------
---------------------------------------------------------------------------------
Start Applying XDC Timing Constraints
---------------------------------------------------------------------------------
---------------------------------------------------------------------------------
Finished Applying XDC Timing Constraints : Time (s): cpu = 00:00:29 ; elapsed = 00:00:30 . Memory (MB): peak = 1303.984 ; gain = 768.492
---------------------------------------------------------------------------------
---------------------------------------------------------------------------------
Start Timing Optimization
---------------------------------------------------------------------------------
---------------------------------------------------------------------------------
Finished Timing Optimization : Time (s): cpu = 00:00:29 ; elapsed = 00:00:30 . Memory (MB): peak = 1313.582 ; gain = 778.090
---------------------------------------------------------------------------------
---------------------------------------------------------------------------------
Start Technology Mapping
---------------------------------------------------------------------------------
---------------------------------------------------------------------------------
Finished Technology Mapping : Time (s): cpu = 00:00:29 ; elapsed = 00:00:30 . Memory (MB): peak = 1323.062 ; gain = 787.570
---------------------------------------------------------------------------------
---------------------------------------------------------------------------------
Start IO Insertion
---------------------------------------------------------------------------------
---------------------------------------------------------------------------------
Start Flattening Before IO Insertion
---------------------------------------------------------------------------------
---------------------------------------------------------------------------------
Finished Flattening Before IO Insertion
---------------------------------------------------------------------------------
---------------------------------------------------------------------------------
Start Final Netlist Cleanup
---------------------------------------------------------------------------------
---------------------------------------------------------------------------------
Finished Final Netlist Cleanup
---------------------------------------------------------------------------------
---------------------------------------------------------------------------------
Finished IO Insertion : Time (s): cpu = 00:00:34 ; elapsed = 00:00:35 . Memory (MB): peak = 1529.980 ; gain = 994.488
---------------------------------------------------------------------------------
---------------------------------------------------------------------------------
Start Renaming Generated Instances
---------------------------------------------------------------------------------
---------------------------------------------------------------------------------
Finished Renaming Generated Instances : Time (s): cpu = 00:00:34 ; elapsed = 00:00:35 . Memory (MB): peak = 1529.980 ; gain = 994.488
---------------------------------------------------------------------------------
---------------------------------------------------------------------------------
Start Rebuilding User Hierarchy
---------------------------------------------------------------------------------
---------------------------------------------------------------------------------
Finished Rebuilding User Hierarchy : Time (s): cpu = 00:00:34 ; elapsed = 00:00:35 . Memory (MB): peak = 1529.980 ; gain = 994.488
---------------------------------------------------------------------------------
---------------------------------------------------------------------------------
Start Renaming Generated Ports
---------------------------------------------------------------------------------
---------------------------------------------------------------------------------
Finished Renaming Generated Ports : Time (s): cpu = 00:00:34 ; elapsed = 00:00:35 . Memory (MB): peak = 1529.980 ; gain = 994.488
---------------------------------------------------------------------------------
---------------------------------------------------------------------------------
Start Handling Custom Attributes
---------------------------------------------------------------------------------
---------------------------------------------------------------------------------
Finished Handling Custom Attributes : Time (s): cpu = 00:00:34 ; elapsed = 00:00:35 . Memory (MB): peak = 1529.980 ; gain = 994.488
---------------------------------------------------------------------------------
---------------------------------------------------------------------------------
Start Renaming Generated Nets
---------------------------------------------------------------------------------
---------------------------------------------------------------------------------
Finished Renaming Generated Nets : Time (s): cpu = 00:00:34 ; elapsed = 00:00:35 . Memory (MB): peak = 1529.980 ; gain = 994.488
---------------------------------------------------------------------------------
---------------------------------------------------------------------------------
Start Writing Synthesis Report
---------------------------------------------------------------------------------

Report BlackBoxes: 
+-+--------------+----------+
| |BlackBox name |Instances |
+-+--------------+----------+
+-+--------------+----------+

Report Cell Usage: 
+------+-------+------+
|      |Cell   |Count |
+------+-------+------+
|1     |BUFG   |     1|
|2     |CARRY4 |    12|
|3     |LUT1   |     2|
|4     |LUT2   |    22|
|5     |LUT3   |     1|
|6     |FDRE   |    33|
|7     |IBUF   |     4|
|8     |OBUF   |     2|
|9     |OBUFT  |     8|
+------+-------+------+
---------------------------------------------------------------------------------
Finished Writing Synthesis Report : Time (s): cpu = 00:00:34 ; elapsed = 00:00:35 . Memory (MB): peak = 1529.980 ; gain = 994.488
---------------------------------------------------------------------------------
Synthesis finished with 0 errors, 0 critical warnings and 9 warnings.
Synthesis Optimization Runtime : Time (s): cpu = 00:00:24 ; elapsed = 00:00:33 . Memory (MB): peak = 1529.980 ; gain = 932.430
Synthesis Optimization Complete : Time (s): cpu = 00:00:35 ; elapsed = 00:00:36 . Memory (MB): peak = 1529.980 ; gain = 994.488
INFO: [Project 1-571] Translating synthesized netlist
Netlist sorting complete. Time (s): cpu = 00:00:00 ; elapsed = 00:00:00.002 . Memory (MB): peak = 1533.273 ; gain = 0.000
INFO: [Netlist 29-17] Analyzing 12 Unisim elements for replacement
INFO: [Netlist 29-28] Unisim Transformation completed in 0 CPU seconds
INFO: [Project 1-570] Preparing netlist for logic optimization
INFO: [Opt 31-138] Pushed 0 inverter(s) to 0 load pin(s).
Netlist sorting complete. Time (s): cpu = 00:00:00 ; elapsed = 00:00:00 . Memory (MB): peak = 1536.652 ; gain = 0.000
INFO: [Project 1-111] Unisim Transformation Summary:
No Unisim elements were transformed.

Synth Design complete | Checksum: 1de12c66
INFO: [Common 17-83] Releasing license: Synthesis
23 Infos, 25 Warnings, 0 Critical Warnings and 0 Errors encountered.
synth_design completed successfully
synth_design: Time (s): cpu = 00:00:38 ; elapsed = 00:00:41 . Memory (MB): peak = 1536.652 ; gain = 1186.324
Write ShapeDB Complete: Time (s): cpu = 00:00:00 ; elapsed = 00:00:00.001 . Memory (MB): peak = 1536.652 ; gain = 0.000
INFO: [Common 17-1381] The checkpoint 'E:/HDMI_Transmitter/HDMI_Transmitter/HDMI_Transmitter.runs/synth_1/hdmi_transmitter_top.dcp' has been generated.
INFO: [Vivado 12-24828] Executing command : report_utilization -file hdmi_transmitter_top_utilization_synth.rpt -pb hdmi_transmitter_top_utilization_synth.pb
INFO: [Common 17-206] Exiting Vivado at Tue Apr  8 00:09:04 2025...
