Vivado Simulator v2024.2.0
Copyright 1986-2022 Xilinx, Inc. All Rights Reserved.
Copyright 2022-2024 Advanced Micro Devices, Inc. All Rights Reserved.
Running: E:/Xilinx/Vivado/2024.2/bin/unwrapped/win64.o/xelab.exe --incr --debug typical --relax --mt 2 -L xil_defaultlib -L unisims_ver -L unimacro_ver -L secureip --snapshot hdmi_transmitter_tb_behav xil_defaultlib.hdmi_transmitter_tb xil_defaultlib.glbl -log elaborate.log 
Using 2 slave threads.
Starting static elaboration
Pass Through NonSizing Optimizer
Completed static elaboration
Starting simulation data flow analysis
Completed simulation data flow analysis
Time Resolution for simulation is 1ps
Compiling module xil_defaultlib.encoder
Compiling module xil_defaultlib.hdmi_interface_default
Compiling module unisims_ver.OSERDESE2(DATA_WIDTH=10)
Compiling module unisims_ver.OSERDESE2(DATA_WIDTH=10,SERDES_M...
Compiling module xil_defaultlib.serdes_block
Compiling module unisims_ver.MMCME2_ADV(CLKFBOUT_MULT_F=10.64...
Compiling module unisims_ver.MMCME2_BASE(CLKFBOUT_MULT_F=10.6...
Compiling module xil_defaultlib.hdmi_transmitter_top
Compiling module xil_defaultlib.hdmi_transmitter_tb
Compiling module xil_defaultlib.glbl
Built simulation snapshot hdmi_transmitter_tb_behav
