Copyright 1986-2022 Xilinx, Inc. All Rights Reserved. Copyright 2022-2024 Advanced Micro Devices, Inc. All Rights Reserved.
--------------------------------------------------------------------------------------------------------------------------------------------------------------------------------------------------
| Tool Version : Vivado v.2024.2 (win64) Build 5239630 Fri Nov 08 22:35:27 MST 2024
| Date         : Sat Apr  5 18:37:10 2025
| Host         : DESKTOP-7ORFPJ0 running 64-bit major release  (build 9200)
| Command      : report_methodology -file hdmi_transmitter_top_methodology_drc_routed.rpt -pb hdmi_transmitter_top_methodology_drc_routed.pb -rpx hdmi_transmitter_top_methodology_drc_routed.rpx
| Design       : hdmi_transmitter_top
| Device       : xc7k70tfbg676-1
| Speed File   : -1
| Design State : Fully Routed
--------------------------------------------------------------------------------------------------------------------------------------------------------------------------------------------------

Report Methodology

Table of Contents
-----------------
1. REPORT SUMMARY
2. REPORT DETAILS

1. REPORT SUMMARY
-----------------
            Netlist: netlist
          Floorplan: checkpoint_hdmi_transmitter_top
      Design limits: <entire design considered>
             Max checks: <unlimited>
             Checks found: 0
+------+----------+-------------+--------+
| Rule | Severity | Description | Checks |
+------+----------+-------------+--------+
+------+----------+-------------+--------+

2. REPORT DETAILS
-----------------

