Copyright 1986-2022 Xilinx, Inc. All Rights Reserved. Copyright 2022-2024 Advanced Micro Devices, Inc. All Rights Reserved.
---------------------------------------------------------------------------------------------------------------------------------------------------------------------------------------------------------------------------------------------------------
| Tool Version : Vivado v.2024.2 (win64) Build 5239630 Fri Nov 08 22:35:27 MST 2024
| Date         : Sat Apr  5 18:37:10 2025
| Host         : DESKTOP-7ORFPJ0 running 64-bit major release  (build 9200)
| Command      : report_timing_summary -max_paths 10 -report_unconstrained -file hdmi_transmitter_top_timing_summary_routed.rpt -pb hdmi_transmitter_top_timing_summary_routed.pb -rpx hdmi_transmitter_top_timing_summary_routed.rpx -warn_on_violation
| Design       : hdmi_transmitter_top
| Device       : 7k70t-fbg676
| Speed File   : -1  PRODUCTION 1.12 2017-02-17
| Design State : Routed
---------------------------------------------------------------------------------------------------------------------------------------------------------------------------------------------------------------------------------------------------------

Timing Summary Report

------------------------------------------------------------------------------------------------
| Timer Settings
| --------------
------------------------------------------------------------------------------------------------

  Enable Multi Corner Analysis               :  Yes
  Enable Pessimism Removal                   :  Yes
  Pessimism Removal Resolution               :  Nearest Common Node
  Enable Input Delay Default Clock           :  No
  Enable Preset / Clear Arcs                 :  No
  Disable Flight Delays                      :  No
  Ignore I/O Paths                           :  No
  Timing Early Launch at Borrowing Latches   :  No
  Borrow Time for Max Delay Exceptions       :  Yes
  Merge Timing Exceptions                    :  Yes
  Inter-SLR Compensation                     :  Conservative

  Corner  Analyze    Analyze    
  Name    Max Paths  Min Paths  
  ------  ---------  ---------  
  Slow    Yes        Yes        
  Fast    Yes        Yes        


------------------------------------------------------------------------------------------------
| Report Methodology
| ------------------
------------------------------------------------------------------------------------------------

No report available as report_methodology has not been run prior. Run report_methodology on the current design for the summary of methodology violations.



check_timing report

Table of Contents
-----------------
1. checking no_clock (0)
2. checking constant_clock (0)
3. checking pulse_width_clock (0)
4. checking unconstrained_internal_endpoints (0)
5. checking no_input_delay (0)
6. checking no_output_delay (0)
7. checking multiple_clock (0)
8. checking generated_clocks (0)
9. checking loops (0)
10. checking partial_input_delay (0)
11. checking partial_output_delay (0)
12. checking latch_loops (0)

1. checking no_clock (0)
------------------------
 There are 0 register/latch pins with no clock.


2. checking constant_clock (0)
------------------------------
 There are 0 register/latch pins with constant_clock.


3. checking pulse_width_clock (0)
---------------------------------
 There are 0 register/latch pins which need pulse_width check


4. checking unconstrained_internal_endpoints (0)
------------------------------------------------
 There are 0 pins that are not constrained for maximum delay.

 There are 0 pins that are not constrained for maximum delay due to constant clock.


5. checking no_input_delay (0)
------------------------------
 There are 0 input ports with no input delay specified.

 There are 0 input ports with no input delay but user has a false path constraint.


6. checking no_output_delay (0)
-------------------------------
 There are 0 ports with no output delay specified.

 There are 0 ports with no output delay but user has a false path constraint

 There are 0 ports with no output delay but with a timing clock defined on it or propagating through it


7. checking multiple_clock (0)
------------------------------
 There are 0 register/latch pins with multiple clocks.


8. checking generated_clocks (0)
--------------------------------
 There are 0 generated clocks that are not connected to a clock source.


9. checking loops (0)
---------------------
 There are 0 combinational loops in the design.


10. checking partial_input_delay (0)
------------------------------------
 There are 0 input ports with partial input delay specified.


11. checking partial_output_delay (0)
-------------------------------------
 There are 0 ports with partial output delay specified.


12. checking latch_loops (0)
----------------------------
 There are 0 combinational latch loops in the design through latch input



------------------------------------------------------------------------------------------------
| Design Timing Summary
| ---------------------
------------------------------------------------------------------------------------------------

    WNS(ns)      TNS(ns)  TNS Failing Endpoints  TNS Total Endpoints      WHS(ns)      THS(ns)  THS Failing Endpoints  THS Total Endpoints     WPWS(ns)     TPWS(ns)  TPWS Failing Endpoints  TPWS Total Endpoints  
    -------      -------  ---------------------  -------------------      -------      -------  ---------------------  -------------------     --------     --------  ----------------------  --------------------  
        inf        0.000                      0                    2          inf        0.000                      0                    2           NA           NA                      NA                    NA  


There are no user specified timing constraints.


------------------------------------------------------------------------------------------------
| Clock Summary
| -------------
------------------------------------------------------------------------------------------------


------------------------------------------------------------------------------------------------
| Intra Clock Table
| -----------------
------------------------------------------------------------------------------------------------

Clock             WNS(ns)      TNS(ns)  TNS Failing Endpoints  TNS Total Endpoints      WHS(ns)      THS(ns)  THS Failing Endpoints  THS Total Endpoints     WPWS(ns)     TPWS(ns)  TPWS Failing Endpoints  TPWS Total Endpoints  
-----             -------      -------  ---------------------  -------------------      -------      -------  ---------------------  -------------------     --------     --------  ----------------------  --------------------  


------------------------------------------------------------------------------------------------
| Inter Clock Table
| -----------------
------------------------------------------------------------------------------------------------

From Clock    To Clock          WNS(ns)      TNS(ns)  TNS Failing Endpoints  TNS Total Endpoints      WHS(ns)      THS(ns)  THS Failing Endpoints  THS Total Endpoints  
----------    --------          -------      -------  ---------------------  -------------------      -------      -------  ---------------------  -------------------  


------------------------------------------------------------------------------------------------
| Other Path Groups Table
| -----------------------
------------------------------------------------------------------------------------------------

Path Group    From Clock    To Clock          WNS(ns)      TNS(ns)  TNS Failing Endpoints  TNS Total Endpoints      WHS(ns)      THS(ns)  THS Failing Endpoints  THS Total Endpoints  
----------    ----------    --------          -------      -------  ---------------------  -------------------      -------      -------  ---------------------  -------------------  


------------------------------------------------------------------------------------------------
| User Ignored Path Table
| -----------------------
------------------------------------------------------------------------------------------------

Path Group    From Clock    To Clock    
----------    ----------    --------    


------------------------------------------------------------------------------------------------
| Unconstrained Path Table
| ------------------------
------------------------------------------------------------------------------------------------

Path Group    From Clock    To Clock    
----------    ----------    --------    
(none)                                    


------------------------------------------------------------------------------------------------
| Timing Details
| --------------
------------------------------------------------------------------------------------------------


--------------------------------------------------------------------------------------
Path Group:  (none)
From Clock:  
  To Clock:  

Max Delay             2 Endpoints
Min Delay             2 Endpoints
--------------------------------------------------------------------------------------


Max Delay Paths
--------------------------------------------------------------------------------------
Slack:                    inf
  Source:                 switch1
                            (input port)
  Destination:            out1
                            (output port)
  Path Group:             (none)
  Path Type:              Max at Slow Process Corner
  Data Path Delay:        8.332ns  (logic 5.251ns (63.017%)  route 3.081ns (36.983%))
  Logic Levels:           3  (IBUF=1 LUT2=1 OBUF=1)

    Location             Delay type                Incr(ns)  Path(ns)    Netlist Resource(s)
  -------------------------------------------------------------------    -------------------
    E11                                               0.000     0.000 r  switch1 (IN)
                         net (fo=0)                   0.000     0.000    switch1
    E11                  IBUF (Prop_ibuf_I_O)         1.687     1.687 r  switch1_IBUF_inst/O
                         net (fo=2, routed)           1.155     2.841    switch1_IBUF
    SLICE_X0Y157         LUT2 (Prop_lut2_I0_O)        0.056     2.897 r  out1_OBUF_inst_i_1/O
                         net (fo=1, routed)           1.927     4.824    out1_OBUF
    E16                  OBUF (Prop_obuf_I_O)         3.508     8.332 r  out1_OBUF_inst/O
                         net (fo=0)                   0.000     8.332    out1
    E16                                                               r  out1 (OUT)
  -------------------------------------------------------------------    -------------------

Slack:                    inf
  Source:                 switch1
                            (input port)
  Destination:            out2
                            (output port)
  Path Group:             (none)
  Path Type:              Max at Slow Process Corner
  Data Path Delay:        8.312ns  (logic 5.128ns (61.693%)  route 3.184ns (38.307%))
  Logic Levels:           3  (IBUF=1 LUT2=1 OBUF=1)

    Location             Delay type                Incr(ns)  Path(ns)    Netlist Resource(s)
  -------------------------------------------------------------------    -------------------
    E11                                               0.000     0.000 r  switch1 (IN)
                         net (fo=0)                   0.000     0.000    switch1
    E11                  IBUF (Prop_ibuf_I_O)         1.687     1.687 r  switch1_IBUF_inst/O
                         net (fo=2, routed)           1.155     2.841    switch1_IBUF
    SLICE_X0Y157         LUT2 (Prop_lut2_I1_O)        0.053     2.894 r  out2_OBUF_inst_i_1/O
                         net (fo=1, routed)           2.029     4.924    out2_OBUF
    E17                  OBUF (Prop_obuf_I_O)         3.388     8.312 r  out2_OBUF_inst/O
                         net (fo=0)                   0.000     8.312    out2
    E17                                                               r  out2 (OUT)
  -------------------------------------------------------------------    -------------------





Min Delay Paths
--------------------------------------------------------------------------------------
Slack:                    inf
  Source:                 switch2
                            (input port)
  Destination:            out1
                            (output port)
  Path Group:             (none)
  Path Type:              Min at Fast Process Corner
  Data Path Delay:        2.970ns  (logic 1.891ns (63.671%)  route 1.079ns (36.329%))
  Logic Levels:           3  (IBUF=1 LUT2=1 OBUF=1)

    Location             Delay type                Incr(ns)  Path(ns)    Netlist Resource(s)
  -------------------------------------------------------------------    -------------------
    E12                                               0.000     0.000 r  switch2 (IN)
                         net (fo=0)                   0.000     0.000    switch2
    E12                  IBUF (Prop_ibuf_I_O)         0.417     0.417 r  switch2_IBUF_inst/O
                         net (fo=2, routed)           0.429     0.846    switch2_IBUF
    SLICE_X0Y157         LUT2 (Prop_lut2_I1_O)        0.029     0.875 r  out1_OBUF_inst_i_1/O
                         net (fo=1, routed)           0.650     1.525    out1_OBUF
    E16                  OBUF (Prop_obuf_I_O)         1.446     2.970 r  out1_OBUF_inst/O
                         net (fo=0)                   0.000     2.970    out1
    E16                                                               r  out1 (OUT)
  -------------------------------------------------------------------    -------------------

Slack:                    inf
  Source:                 switch2
                            (input port)
  Destination:            out2
                            (output port)
  Path Group:             (none)
  Path Type:              Min at Fast Process Corner
  Data Path Delay:        2.977ns  (logic 1.846ns (62.023%)  route 1.131ns (37.977%))
  Logic Levels:           3  (IBUF=1 LUT2=1 OBUF=1)

    Location             Delay type                Incr(ns)  Path(ns)    Netlist Resource(s)
  -------------------------------------------------------------------    -------------------
    E12                                               0.000     0.000 r  switch2 (IN)
                         net (fo=0)                   0.000     0.000    switch2
    E12                  IBUF (Prop_ibuf_I_O)         0.417     0.417 r  switch2_IBUF_inst/O
                         net (fo=2, routed)           0.429     0.846    switch2_IBUF
    SLICE_X0Y157         LUT2 (Prop_lut2_I0_O)        0.028     0.874 r  out2_OBUF_inst_i_1/O
                         net (fo=1, routed)           0.701     1.575    out2_OBUF
    E17                  OBUF (Prop_obuf_I_O)         1.402     2.977 r  out2_OBUF_inst/O
                         net (fo=0)                   0.000     2.977    out2
    E17                                                               r  out2 (OUT)
  -------------------------------------------------------------------    -------------------





